{"/Users/qmp/my-project/webpack-demo/webpack.prod.js":{"path":"/Users/qmp/my-project/webpack-demo/webpack.prod.js","s":{"1":1,"2":1,"3":1,"4":1,"5":1,"6":1,"7":1,"8":1,"9":1,"10":1,"11":1,"12":1,"13":1,"14":2,"15":2,"16":2,"17":2,"18":2,"19":1,"20":1,"21":1},"b":{"1":[2,2]},"f":{},"fnMap":{},"statementMap":{"1":{"start":{"line":3,"column":0},"end":{"line":3,"column":28}},"2":{"start":{"line":4,"column":0},"end":{"line":4,"column":28}},"3":{"start":{"line":5,"column":0},"end":{"line":5,"column":34}},"4":{"start":{"line":6,"column":0},"end":{"line":6,"column":56}},"5":{"start":{"line":7,"column":0},"end":{"line":7,"column":63}},"6":{"start":{"line":8,"column":0},"end":{"line":8,"column":62}},"7":{"start":{"line":9,"column":0},"end":{"line":9,"column":77}},"8":{"start":{"line":10,"column":0},"end":{"line":10,"column":75}},"9":{"start":{"line":12,"column":0},"end":{"line":45,"column":1}},"10":{"start":{"line":13,"column":2},"end":{"line":13,"column":18}},"11":{"start":{"line":14,"column":2},"end":{"line":14,"column":31}},"12":{"start":{"line":15,"column":2},"end":{"line":15,"column":72}},"13":{"start":{"line":17,"column":2},"end":{"line":39,"column":6}},"14":{"start":{"line":19,"column":6},"end":{"line":19,"column":41}},"15":{"start":{"line":20,"column":6},"end":{"line":20,"column":61}},"16":{"start":{"line":21,"column":6},"end":{"line":21,"column":40}},"17":{"start":{"line":23,"column":6},"end":{"line":23,"column":33}},"18":{"start":{"line":24,"column":6},"end":{"line":38,"column":9}},"19":{"start":{"line":41,"column":2},"end":{"line":44,"column":3}},"20":{"start":{"line":47,"column":0},"end":{"line":47,"column":46}},"21":{"start":{"line":49,"column":0},"end":{"line":162,"column":1}}},"branchMap":{"1":{"line":21,"type":"binary-expr","locations":[{"start":{"line":21,"column":23},"end":{"line":21,"column":28}},{"start":{"line":21,"column":32},"end":{"line":21,"column":40}}]}}}}